\BOOKMARK [0][-]{chapter.1}{\376\377\000C\000a\000h\000i\000e\000r\000\040\000d\000e\000s\000\040\000c\000h\000a\000r\000g\000e\000s}{}% 1
\BOOKMARK [1][-]{section*.3}{\376\377\000I\000n\000t\000r\000o\000d\000u\000c\000t\000i\000o\000n}{chapter.1}% 2
\BOOKMARK [1][-]{section.1.1}{\376\377\000R\000\351\000s\000u\000m\000\351}{chapter.1}% 3
\BOOKMARK [1][-]{section.1.2}{\376\377\000C\000a\000d\000r\000a\000g\000e}{chapter.1}% 4
\BOOKMARK [2][-]{subsection.1.2.1}{\376\377\000F\000i\000n\000a\000l\000i\000t\000\351\000s\000\040\000e\000t\000\040\000i\000m\000p\000o\000r\000t\000a\000n\000c\000e\000\040\000d\000u\000\040\000p\000r\000o\000j\000e\000t}{section.1.2}% 5
\BOOKMARK [3][-]{subsubsection.1.2.1.1}{\376\377\000H\000y\000p\000o\000t\000h\000\350\000s\000e\000s\000\040\000d\000e\000\040\000l\000a\000n\000c\000e\000m\000e\000n\000t}{subsection.1.2.1}% 6
\BOOKMARK [4][-]{paragraph.1.2.1.1.1}{\376\377\000C\000o\000m\000p\000\351\000t\000e\000n\000c\000e\000s\000\040\000d\000e\000s\000\040\000m\000e\000m\000b\000r\000e\000s\000\040\000d\000e\000\040\000l\000'\000\351\000q\000u\000i\000p\000e}{subsubsection.1.2.1.1}% 7
\BOOKMARK [4][-]{paragraph.1.2.1.1.2}{\376\377\000M\000o\000y\000e\000n\000s\000\040\000t\000e\000c\000h\000n\000i\000q\000u\000e\000s\000\040\000\340\000\040\000d\000i\000s\000p\000o\000s\000i\000t\000i\000o\000n}{subsubsection.1.2.1.1}% 8
\BOOKMARK [4][-]{paragraph.1.2.1.1.3}{\376\377\000O\000b\000s\000t\000a\000c\000l\000e\000s\000\040\000\340\000\040\000l\000e\000v\000e\000r}{subsubsection.1.2.1.1}% 9
\BOOKMARK [4][-]{paragraph.1.2.1.1.4}{\376\377\000A\000n\000a\000l\000y\000s\000e\000\040\000S\000W\000O\000T}{subsubsection.1.2.1.1}% 10
\BOOKMARK [2][-]{subsection.1.2.2}{\376\377\000C\000o\000n\000t\000e\000x\000t\000e\000/\000H\000y\000p\000o\000t\000h\000\350\000s\000e\000s\000\040\000d\000e\000\040\000d\000\351\000p\000a\000r\000t}{section.1.2}% 11
\BOOKMARK [3][-]{subsubsection.1.2.2.1}{\376\377\000C\000l\000i\000e\000n\000t\000s}{subsection.1.2.2}% 12
\BOOKMARK [3][-]{subsubsection.1.2.2.2}{\376\377\000P\000a\000r\000t\000e\000n\000a\000i\000r\000e\000s}{subsection.1.2.2}% 13
\BOOKMARK [3][-]{subsubsection.1.2.2.3}{\376\377\000P\000r\000i\000n\000c\000i\000p\000a\000l\000e\000s\000\040\000f\000o\000n\000c\000t\000i\000o\000n\000s\000\040\000i\000d\000e\000n\000t\000i\000f\000i\000\351\000e\000s\000\040\000p\000a\000r\000\040\000l\000e\000\040\000c\000a\000h\000i\000e\000r\000\040\000d\000e\000s\000\040\000c\000h\000a\000r\000g\000e\000s}{subsection.1.2.2}% 14
\BOOKMARK [2][-]{subsection.1.2.3}{\376\377\000O\000b\000j\000e\000c\000t\000i\000f\000s\000\040\000e\000t\000\040\000r\000\351\000s\000u\000l\000t\000a\000t\000s\000\040\000o\000p\000\351\000r\000a\000t\000i\000o\000n\000n\000e\000l\000s\000\040\000:\000\040\000l\000i\000s\000t\000e\000\040\000d\000e\000s\000\040\000l\000i\000v\000r\000a\000b\000l\000e\000s}{section.1.2}% 15
\BOOKMARK [3][-]{subsubsection.1.2.3.1}{\376\377\000C\000r\000i\000t\000\350\000r\000e\000s\000\040\000e\000t\000\040\000i\000n\000d\000i\000c\000a\000t\000e\000u\000r\000s\000\040\000d\000e\000\040\000s\000u\000c\000c\000\350\000s}{subsection.1.2.3}% 16
\BOOKMARK [1][-]{section.1.3}{\376\377\000D\000\351\000r\000o\000u\000l\000e\000m\000e\000n\000t\000\040\000d\000u\000\040\000p\000r\000o\000j\000e\000t}{chapter.1}% 17
\BOOKMARK [2][-]{subsection.1.3.1}{\376\377\000O\000r\000g\000a\000n\000i\000s\000a\000t\000i\000o\000n\000/\000\040\000r\000e\000s\000s\000o\000u\000r\000c\000e\000s\000,\000\040\000b\000u\000d\000g\000e\000t}{section.1.3}% 18
\BOOKMARK [3][-]{subsubsection.1.3.1.1}{\376\377\000R\000o\000l\000e\000s\000\040\000e\000t\000\040\000r\000e\000s\000p\000o\000n\000s\000a\000b\000i\000l\000i\000t\000\351\000s\000,\000\040\000c\000o\000m\000i\000t\000\351\000\040\000d\000e\000\040\000p\000i\000l\000o\000t\000a\000g\000e\000\040\000d\000u\000\040\000p\000r\000o\000j\000e\000t\000\040\000e\000t\000\040\000b\000u\000d\000g\000e\000t}{subsection.1.3.1}% 19
\BOOKMARK [4][-]{paragraph.1.3.1.1.1}{\376\377\000R\000o\000l\000e\000s\000\040\000e\000t\000\040\000r\000e\000s\000p\000o\000n\000s\000a\000b\000i\000l\000i\000t\000\351\000s\000\040\000d\000e\000s\000\040\000m\000e\000m\000b\000r\000e\000s\000\040\000d\000e\000\040\000l\000'\000\351\000q\000u\000i\000p\000e}{subsubsection.1.3.1.1}% 20
\BOOKMARK [4][-]{paragraph.1.3.1.1.2}{\376\377\000R\000o\000l\000e\000s\000\040\000e\000t\000\040\000r\000e\000s\000p\000o\000n\000s\000a\000b\000i\000l\000i\000t\000\351\000s\000\040\000d\000e\000s\000\040\000a\000u\000t\000r\000e\000s\000\040\000p\000a\000r\000t\000i\000e\000s\000\040\000p\000r\000e\000n\000a\000n\000t\000e\000s}{subsubsection.1.3.1.1}% 21
\BOOKMARK [5][-]{subparagraph.1.3.1.1.2.1}{\376\377\000C\000l\000i\000e\000n\000t}{paragraph.1.3.1.1.2}% 22
\BOOKMARK [5][-]{subparagraph.1.3.1.1.2.2}{\376\377\000F\000i\000n\000a\000n\000c\000e\000u\000r}{paragraph.1.3.1.1.2}% 23
\BOOKMARK [5][-]{subparagraph.1.3.1.1.2.3}{\376\377\040\046}{paragraph.1.3.1.1.2}% 24
\BOOKMARK [4][-]{paragraph.1.3.1.1.3}{\376\377\000C\000o\000m\000i\000t\000\351\000\040\000d\000e\000\040\000p\000i\000l\000o\000t\000a\000g\000e\000\040\000d\000u\000\040\000p\000r\000o\000j\000e\000t}{subsubsection.1.3.1.1}% 25
\BOOKMARK [3][-]{subsubsection.1.3.1.2}{\376\377\000B\000u\000d\000g\000e\000t}{subsection.1.3.1}% 26
\BOOKMARK [4][-]{paragraph.1.3.1.2.1}{\376\377\000R\000\351\000s\000u\000m\000\351\000\040\000d\000u\000\040\000b\000u\000d\000g\000e\000t\000\040\000g\000l\000o\000b\000a\000l}{subsubsection.1.3.1.2}% 27
\BOOKMARK [4][-]{paragraph.1.3.1.2.2}{\376\377\000R\000\351\000p\000a\000r\000t\000i\000t\000i\000o\000n\000\040\000t\000e\000m\000p\000o\000r\000e\000l\000l\000e\000\040\000\050\000\351\000c\000h\000\351\000a\000n\000c\000i\000e\000r\000\040\000b\000u\000d\000g\000\351\000t\000a\000i\000r\000e\000\051}{subsubsection.1.3.1.2}% 28
\BOOKMARK [2][-]{subsection.1.3.2}{\376\377\000J\000a\000l\000o\000n\000s\000\040\000:\000\040\000E\000c\000h\000\351\000a\000n\000c\000i\000e\000r\000s\000/\000\351\000v\000\351\000n\000e\000m\000e\000n\000t\000s\000\040\000i\000m\000p\000o\000r\000t\000a\000n\000t\000s}{section.1.3}% 29
\BOOKMARK [2][-]{subsection.1.3.3}{\376\377\000R\000i\000s\000q\000u\000e\000s\000\040\000e\000t\000\040\000o\000p\000p\000o\000r\000t\000u\000n\000i\000t\000\351\000s}{section.1.3}% 30
\BOOKMARK [3][-]{subsubsection.1.3.3.1}{\376\377\000I\000d\000e\000n\000t\000i\000f\000i\000c\000a\000t\000i\000o\000n\000\040\000d\000e\000s\000\040\000r\000i\000s\000q\000u\000e\000s}{subsection.1.3.3}% 31
\BOOKMARK [3][-]{subsubsection.1.3.3.2}{\376\377\000U\000n\000\040\000p\000l\000a\000n\000\040\000d\000e\000\040\000p\000r\000\351\000v\000e\000n\000t\000i\000o\000n\000\040\000e\000f\000f\000i\000c\000a\000c\000e}{subsection.1.3.3}% 32
\BOOKMARK [1][-]{section.1.4}{\376\377\000C\000a\000h\000i\000e\000r\000\040\000d\000e\000s\000\040\000c\000h\000a\000r\000g\000e\000s\000\040\000t\000e\000c\000h\000n\000i\000q\000u\000e\000s\000\040\000:\000\040\000e\000x\000i\000g\000e\000n\000c\000e\000s\000\040\000o\000p\000\351\000r\000a\000t\000i\000o\000n\000n\000e\000l\000l\000e\000s}{chapter.1}% 33
\BOOKMARK [2][-]{subsection.1.4.1}{\376\377\000P\000a\000r\000t\000i\000e\000s\000\040\000p\000r\000e\000n\000a\000n\000t\000e\000s}{section.1.4}% 34
\BOOKMARK [2][-]{subsection.1.4.2}{\376\377\000E\000x\000i\000g\000e\000n\000c\000e\000s}{section.1.4}% 35
\BOOKMARK [3][-]{subsubsection.1.4.2.1}{\376\377\000E\000x\000i\000g\000e\000n\000c\000e\000s\000\040\000f\000o\000n\000c\000t\000i\000o\000n\000n\000e\000l\000l\000e\000s}{subsection.1.4.2}% 36
\BOOKMARK [3][-]{subsubsection.1.4.2.2}{\376\377\000V\000i\000s\000i\000o\000n\000\040\000b\000o\000i\000t\000e\000\040\000n\000o\000i\000r\000e\000\040\000d\000u\000\040\000s\000y\000s\000t\000\350\000m\000e}{subsection.1.4.2}% 37
\BOOKMARK [3][-]{subsubsection.1.4.2.3}{\376\377\000D\000i\000a\000g\000r\000a\000m\000m\000e\000\040\000F\000A\000S\000T}{subsection.1.4.2}% 38
\BOOKMARK [3][-]{subsubsection.1.4.2.4}{\376\377\000L\000o\000g\000i\000g\000r\000a\000m\000m\000e\000\040\000/\000\040\000c\000h\000a\000i\000n\000e\000\040\000f\000o\000n\000c\000t\000i\000o\000n\000n\000e\000l\000l\000e}{subsection.1.4.2}% 39
\BOOKMARK [3][-]{subsubsection.1.4.2.5}{\376\377\000M\000a\000t\000r\000i\000c\000e\000\040\000d\000e\000s\000\040\000e\000x\000i\000g\000e\000n\000c\000e\000s}{subsection.1.4.2}% 40
\BOOKMARK [1][-]{section.1.5}{\376\377\000R\000\351\000p\000a\000r\000t\000i\000t\000i\000o\000n\000\040\000d\000e\000s\000\040\000r\000e\000s\000p\000o\000n\000s\000a\000b\000i\000l\000i\000t\000\351\000s}{chapter.1}% 41
\BOOKMARK [2][-]{subsection.1.5.1}{\376\377\000L\000o\000t\000s\000\040\000e\000t\000\040\000r\000e\000s\000p\000o\000n\000s\000a\000b\000i\000l\000i\000t\000\351\000s}{section.1.5}% 42
\BOOKMARK [2][-]{subsection.1.5.2}{\376\377\000L\000a\000\040\000m\000a\000t\000r\000i\000c\000e\000\040\000R\000A\000C\000I}{section.1.5}% 43
\BOOKMARK [1][-]{section.1.6}{\376\377\000P\000l\000a\000n\000n\000i\000f\000i\000c\000a\000t\000i\000o\000n}{chapter.1}% 44
